AndroidProject/app/build/intermediates/manifest_merge_blame_file/release/manifest-merger-blame-release-report.txt
1<?xml version="1.0" encoding="utf-8"?>
2<manifest xmlns:android="http://schemas.android.com/apk/res/android"
3    package="com.example.aaahome2"
4    android:versionCode="1"
5    android:versionName="0.2" >
6
7    <uses-sdk
8        android:minSdkVersion="24"
8-->src\main\AndroidManifest.xml
9        android:targetSdkVersion="31" />
9-->src\main\AndroidManifest.xml
10
11    <uses-permission android:name="android.permission.INTERNET" />
11-->src\main\AndroidManifest.xml:5:5-67
11-->src\main\AndroidManifest.xml:5:22-64
12
13    <application
13-->src\main\AndroidManifest.xml:7:5-38:19
14        android:name="com.example.aaahome2.AAAhomeApplication"
14-->src\main\AndroidManifest.xml:8:9-43
15        android:allowBackup="true"
15-->src\main\AndroidManifest.xml:9:9-35
16        android:appComponentFactory="androidx.core.app.CoreComponentFactory"
16-->[androidx.core:core:1.7.0] AndroidManifest.xml:24:18-86
17        android:extractNativeLibs="false"
18        android:icon="@mipmap/ic_launcher"
18-->src\main\AndroidManifest.xml:10:9-43
19        android:label="@string/app_name"
19-->src\main\AndroidManifest.xml:11:9-41
20        android:networkSecurityConfig="@xml/ip"
20-->src\main\AndroidManifest.xml:12:9-48
21        android:roundIcon="@mipmap/ic_launcher_round"
21-->src\main\AndroidManifest.xml:13:9-54
22        android:supportsRtl="true"
22-->src\main\AndroidManifest.xml:14:9-35
23        android:theme="@style/Theme.AAAhome2" >
23-->src\main\AndroidManifest.xml:15:9-46
24        <activity
24-->src\main\AndroidManifest.xml:16:9-18:40
25            android:name="com.example.aaahome2.ui.search.SearchGameActivity"
25-->src\main\AndroidManifest.xml:17:13-57
26            android:exported="false" />
26-->src\main\AndroidManifest.xml:18:13-37
27        <activity
27-->src\main\AndroidManifest.xml:19:9-21:40
28            android:name="com.example.aaahome2.ui.detail.DetailActivity"
28-->src\main\AndroidManifest.xml:20:13-53
29            android:exported="false" />
29-->src\main\AndroidManifest.xml:21:13-37
30        <activity
30-->src\main\AndroidManifest.xml:22:9-24:40
31            android:name="com.example.aaahome2.ui.web.SteamWeb"
31-->src\main\AndroidManifest.xml:23:13-44
32            android:exported="false" />
32-->src\main\AndroidManifest.xml:24:13-37
33        <activity
33-->src\main\AndroidManifest.xml:25:9-28:48
34            android:name="com.example.aaahome2.MainActivity"
34-->src\main\AndroidManifest.xml:26:13-41
35            android:exported="true"
35-->src\main\AndroidManifest.xml:27:13-36
36            android:label="@string/app_name" />
36-->src\main\AndroidManifest.xml:28:13-45
37        <activity
37-->src\main\AndroidManifest.xml:29:9-37:20
38            android:name="com.example.aaahome2.ui.login.LoginActivity"
38-->src\main\AndroidManifest.xml:30:13-51
39            android:exported="true" >
39-->src\main\AndroidManifest.xml:31:13-36
40            <intent-filter>
40-->src\main\AndroidManifest.xml:32:13-36:29
41                <action android:name="android.intent.action.MAIN" />
41-->src\main\AndroidManifest.xml:33:17-69
41-->src\main\AndroidManifest.xml:33:25-66
42
43                <category android:name="android.intent.category.LAUNCHER" />
43-->src\main\AndroidManifest.xml:35:17-77
43-->src\main\AndroidManifest.xml:35:27-74
44            </intent-filter>
45        </activity>
46
47        <provider
47-->[androidx.lifecycle:lifecycle-process:2.2.0] AndroidManifest.xml:25:9-29:43
48            android:name="androidx.lifecycle.ProcessLifecycleOwnerInitializer"
48-->[androidx.lifecycle:lifecycle-process:2.2.0] AndroidManifest.xml:26:13-79
49            android:authorities="com.example.aaahome2.lifecycle-process"
49-->[androidx.lifecycle:lifecycle-process:2.2.0] AndroidManifest.xml:27:13-69
50            android:exported="false"
50-->[androidx.lifecycle:lifecycle-process:2.2.0] AndroidManifest.xml:28:13-37
51            android:multiprocess="true" />
51-->[androidx.lifecycle:lifecycle-process:2.2.0] AndroidManifest.xml:29:13-40
52    </application>
53
54</manifest>